<!DOCTYPE html PUBLIC "-//W3C//DTD XHTML 1.1//EN" "http://www.w3.org/TR/xhtml11/DTD/xhtml11.dtd">
<html xmlns="http://www.w3.org/1999/xhtml">
<head>
<meta http-equiv="content-type" content="text/html; charset=UTF-8"/>
<title>TestNG Report</title>
<style type="text/css">table {margin-bottom:10px;border-collapse:collapse;empty-cells:show}th,td {border:1px solid #009;padding:.25em .5em}th {vertical-align:bottom}td {vertical-align:top}table a {font-weight:bold}.stripe td {background-color: #E6EBF9}.num {text-align:right}.passedodd td {background-color: #3F3}.passedeven td {background-color: #0A0}.skippedodd td {background-color: #DDD}.skippedeven td {background-color: #CCC}.failedodd td,.attn {background-color: #F33}.failedeven td,.stripe .attn {background-color: #D00}.stacktrace {white-space:pre;font-family:monospace}.totop {font-size:85%;text-align:center;border-bottom:2px solid #000}.invisible {display:none}</style>
</head>
<body>
<table>
<tr><th>Test</th><th># Passed</th><th># Skipped</th><th># Failed</th><th>Time (ms)</th><th>Included Groups</th><th>Excluded Groups</th></tr>
<tr><th colspan="7">Suite</th></tr>
<tr><td><a href="#t0">Test</a></td><td class="num">15</td><td class="num attn">3</td><td class="num attn">2</td><td class="num">351,456</td><td></td><td></td></tr>
</table>
<table id='summary'><thead><tr><th>Class</th><th>Method</th><th>Start</th><th>Time (ms)</th></tr></thead><tbody><tr><th colspan="4">Suite</th></tr></tbody><tbody id="t0"><tr><th colspan="4">Test &#8212; failed (configuration methods)</th></tr><tr class="failedeven"><td rowspan="1">in.redbus.Tests.TripSummaryPageTest</td><td><a href="#m0">attachScreenshot</a></td><td rowspan="1">1625492824682</td><td rowspan="1">1</td></tr><tr><th colspan="4">Test &#8212; failed</th></tr><tr class="failedeven"><td rowspan="1">in.redbus.Tests.BusTicketsPageTest</td><td><a href="#m1">whenUserClicksOnCancellationLink</a></td><td rowspan="1">1625492808763</td><td rowspan="1">7625</td></tr><tr class="failedodd"><td rowspan="1">in.redbus.Tests.TripSummaryPageTest</td><td><a href="#m2">whenUserEntersInvalidMobileNumber</a></td><td rowspan="1">1625492811767</td><td rowspan="1">12910</td></tr><tr><th colspan="4">Test &#8212; skipped (configuration methods)</th></tr><tr class="skippedeven"><td rowspan="5">in.redbus.Tests.TripSummaryPageTest</td><td><a href="#m3">attachScreenshot</a></td><td rowspan="1">1625492824700</td><td rowspan="1">0</td></tr><tr class="skippedeven"><td><a href="#m4">closeBrowser</a></td><td rowspan="2">1625492824702</td><td rowspan="2">0</td></tr><tr class="skippedeven"><td><a href="#m5">closeBrowser</a></td></tr><tr class="skippedeven"><td><a href="#m6">initDriver</a></td><td rowspan="1">1625492824691</td><td rowspan="1">0</td></tr><tr class="skippedeven"><td><a href="#m7">setUp</a></td><td rowspan="1">1625492824693</td><td rowspan="1">0</td></tr><tr><th colspan="4">Test &#8212; skipped</th></tr><tr class="skippedeven"><td rowspan="2">in.redbus.Tests.BusHirePageTest</td><td><a href="#m8">whenUserDoesNotEnterFromDateAndTimeForOutstation</a></td><td rowspan="1">1625492983997</td><td rowspan="1">3</td></tr><tr class="skippedeven"><td><a href="#m9">whenUserDoesNotEnterTillDateAndTimeForOutstation</a></td><td rowspan="1">1625493056890</td><td rowspan="1">4</td></tr><tr class="skippedodd"><td rowspan="1">in.redbus.Tests.TripSummaryPageTest</td><td><a href="#m10">whenUserEntersValidDetail</a></td><td rowspan="1">1625492824697</td><td rowspan="1">0</td></tr><tr><th colspan="4">Test &#8212; passed</th></tr><tr class="passedeven"><td rowspan="6">in.redbus.Tests.BusHirePageTest</td><td><a href="#m11">whenUserClickedOnAirportMenu</a></td><td rowspan="1">1625492835215</td><td rowspan="1">14530</td></tr><tr class="passedeven"><td><a href="#m12">whenUserClickedOnLocalMenu</a></td><td rowspan="1">1625492910261</td><td rowspan="1">15219</td></tr><tr class="passedeven"><td><a href="#m13">whenUserDoesNotEnterFromLocationForOutstation</a></td><td rowspan="1">1625493018653</td><td rowspan="1">21056</td></tr><tr class="passedeven"><td><a href="#m14">whenUserDoesNotEnterToLocationForOutstation</a></td><td rowspan="1">1625493064234</td><td rowspan="1">22893</td></tr><tr class="passedeven"><td><a href="#m15">whenUserEntersPassengerNumberGreaterThan60ForOutstation</a></td><td rowspan="1">1625493094554</td><td rowspan="1">24374</td></tr><tr class="passedeven"><td><a href="#m16">whenUserEntersValidInformationForOutstation</a></td><td rowspan="1">1625493126996</td><td rowspan="1">24141</td></tr><tr class="passedodd"><td rowspan="2">in.redbus.Tests.BusTicketsPageTest</td><td><a href="#m17">whenUserClicksOnPrintTicket</a></td><td rowspan="1">1625492894671</td><td rowspan="1">6383</td></tr><tr class="passedodd"><td><a href="#m18">whenUserEnterValidInfoInSearchBus</a></td><td rowspan="1">1625492968615</td><td rowspan="1">7594</td></tr><tr class="passedeven"><td rowspan="4">in.redbus.Tests.HomePageTest</td><td><a href="#m19">whenUserClickOnBusHireLink</a></td><td rowspan="1">1625492860007</td><td rowspan="1">4347</td></tr><tr class="passedeven"><td><a href="#m20">whenUserClickOnBusTicketLink</a></td><td rowspan="1">1625492933979</td><td rowspan="1">4537</td></tr><tr class="passedeven"><td><a href="#m21">whenUserClickOnRPoolLink</a></td><td rowspan="1">1625492991521</td><td rowspan="1">2311</td></tr><tr class="passedeven"><td><a href="#m22">whenUserClickOnRedBusLogo</a></td><td rowspan="1">1625493047356</td><td rowspan="1">1984</td></tr><tr class="passedodd"><td rowspan="3">in.redbus.Tests.SearchPageTest</td><td><a href="#m23">whenUserEntersInvalidFromAndValidToAndValidDate</a></td><td rowspan="1">1625492874821</td><td rowspan="1">10662</td></tr><tr class="passedodd"><td><a href="#m24">whenUserEntersValidFromAndInvalidToAndValidDate</a></td><td rowspan="1">1625492950991</td><td rowspan="1">9343</td></tr><tr class="passedodd"><td><a href="#m25">whenUserEntersValidFromAndValidToAndValidDate</a></td><td rowspan="1">1625493001701</td><td rowspan="1">8902</td></tr></tbody>
</table>
<h2>Test</h2><h3 id="m0">in.redbus.Tests.TripSummaryPageTest#attachScreenshot</h3><table class="result"><tr class="param"><th>Parameter #1</th></tr><tr class="param stripe"><td>[TestResult name=whenUserEntersInvalidMobileNumber status=FAILURE method=TripSummaryPageTest.whenUserEntersInvalidMobileNumber()[pri:0, instance:in.redbus.Tests.TripSummaryPageTest@6d5620ce] output={null}]</td></tr><tr><th>Exception</th></tr><tr><td><div class="stacktrace">org.openqa.selenium.NoSuchSessionException: Session ID is null. Using WebDriver after calling quit()?
Build info: version: &apos;3.141.59&apos;, revision: &apos;e82be7d358&apos;, time: &apos;2018-11-14T08:17:03&apos;
System info: host: &apos;VAIBHAVAGARWAL&apos;, ip: &apos;192.168.29.156&apos;, os.name: &apos;Windows 10&apos;, os.arch: &apos;amd64&apos;, os.version: &apos;10.0&apos;, java.version: &apos;1.8.0_281&apos;
Driver info: driver.version: RemoteWebDriver
	at org.openqa.selenium.remote.HttpCommandExecutor.execute(HttpCommandExecutor.java:125)
	at org.openqa.selenium.remote.RemoteWebDriver.execute(RemoteWebDriver.java:552)
	at org.openqa.selenium.remote.RemoteWebDriver.execute(RemoteWebDriver.java:609)
	at org.openqa.selenium.remote.RemoteWebDriver.getScreenshotAs(RemoteWebDriver.java:295)
	at in.redbus.Utils.UseScreenshots.getScreenshot(UseScreenshots.java:22)
	at in.redbus.Tests.BaseTest.attachScreenshot(BaseTest.java:192)
	at java.util.concurrent.ThreadPoolExecutor.runWorker(Unknown Source)
	at java.util.concurrent.ThreadPoolExecutor$Worker.run(Unknown Source)
	at java.lang.Thread.run(Unknown Source)
... Removed 13 stack frames</div></td></tr></table><p class="totop"><a href="#summary">back to summary</a></p>
<h3 id="m1">in.redbus.Tests.BusTicketsPageTest#whenUserClicksOnCancellationLink</h3><table class="result"><tr><th>Exception</th></tr><tr><td><div class="stacktrace">org.openqa.selenium.StaleElementReferenceException: The element reference of &lt;a id=&quot;redBus&quot; class=&quot;selectedBus site-links&quot; href=&quot;https://www.redbus.in/bus-tickets/&quot;&gt; is stale; either the element is no longer attached to the DOM, it is not in the current frame context, or the document has been refreshed
For documentation on this error, please visit: https://www.seleniumhq.org/exceptions/stale_element_reference.html
Build info: version: &apos;3.141.59&apos;, revision: &apos;e82be7d358&apos;, time: &apos;2018-11-14T08:17:03&apos;
System info: host: &apos;VAIBHAVAGARWAL&apos;, ip: &apos;192.168.29.156&apos;, os.name: &apos;Windows 10&apos;, os.arch: &apos;amd64&apos;, os.version: &apos;10.0&apos;, java.version: &apos;1.8.0_281&apos;
Driver info: org.openqa.selenium.remote.RemoteWebDriver
Capabilities {acceptInsecureCerts: true, browserName: firefox, browserVersion: 89.0, javascriptEnabled: true, moz:accessibilityChecks: false, moz:buildID: 20210527174632, moz:geckodriverVersion: 0.29.0, moz:headless: false, moz:processID: 745, moz:profile: /tmp/rust_mozprofileSnwnjO, moz:shutdownTimeout: 60000, moz:useNonSpecCompliantPointerOrigin: false, moz:webdriverClick: true, pageLoadStrategy: normal, platform: LINUX, platformName: LINUX, platformVersion: 5.4.72-microsoft-standard-WSL2, setWindowRect: true, strictFileInteractability: false, timeouts: {implicit: 0, pageLoad: 300000, script: 30000}, unhandledPromptBehavior: dismiss and notify, webdriver.remote.sessionid: 047aa387-14a9-49ed-a163-893...}
Session ID: 047aa387-14a9-49ed-a163-8933c3c06071
	at org.openqa.selenium.remote.http.W3CHttpResponseCodec.createException(W3CHttpResponseCodec.java:187)
	at org.openqa.selenium.remote.http.W3CHttpResponseCodec.decode(W3CHttpResponseCodec.java:122)
	at org.openqa.selenium.remote.http.W3CHttpResponseCodec.decode(W3CHttpResponseCodec.java:49)
	at org.openqa.selenium.remote.HttpCommandExecutor.execute(HttpCommandExecutor.java:158)
	at org.openqa.selenium.remote.RemoteWebDriver.execute(RemoteWebDriver.java:552)
	at org.openqa.selenium.remote.RemoteWebElement.execute(RemoteWebElement.java:285)
	at org.openqa.selenium.remote.RemoteWebElement.click(RemoteWebElement.java:84)
	at org.openqa.selenium.support.pagefactory.internal.LocatingElementHandler.invoke(LocatingElementHandler.java:51)
	at com.sun.proxy.$Proxy11.click(Unknown Source)
	at in.redbus.Pages.HomePage.clickOnBusTicketsLink(HomePage.java:44)
	at in.redbus.Tests.BusTicketsPageTest.whenUserClicksOnCancellationLink(BusTicketsPageTest.java:49)
	at java.util.concurrent.ThreadPoolExecutor.runWorker(Unknown Source)
	at java.util.concurrent.ThreadPoolExecutor$Worker.run(Unknown Source)
	at java.lang.Thread.run(Unknown Source)
... Removed 18 stack frames</div></td></tr></table><p class="totop"><a href="#summary">back to summary</a></p>
<h3 id="m2">in.redbus.Tests.TripSummaryPageTest#whenUserEntersInvalidMobileNumber</h3><table class="result"><tr><th>Exception</th></tr><tr><td><div class="stacktrace">org.openqa.selenium.NoSuchSessionException: Session ID is null. Using WebDriver after calling quit()?
Build info: version: &apos;3.141.59&apos;, revision: &apos;e82be7d358&apos;, time: &apos;2018-11-14T08:17:03&apos;
System info: host: &apos;VAIBHAVAGARWAL&apos;, ip: &apos;192.168.29.156&apos;, os.name: &apos;Windows 10&apos;, os.arch: &apos;amd64&apos;, os.version: &apos;10.0&apos;, java.version: &apos;1.8.0_281&apos;
Driver info: driver.version: RemoteWebDriver
	at org.openqa.selenium.remote.HttpCommandExecutor.execute(HttpCommandExecutor.java:125)
	at org.openqa.selenium.remote.RemoteWebDriver.execute(RemoteWebDriver.java:552)
	at org.openqa.selenium.remote.RemoteWebDriver.findElement(RemoteWebDriver.java:323)
	at org.openqa.selenium.remote.RemoteWebDriver.findElementById(RemoteWebDriver.java:372)
	at org.openqa.selenium.By$ById.findElement(By.java:188)
	at org.openqa.selenium.remote.RemoteWebDriver.findElement(RemoteWebDriver.java:315)
	at org.openqa.selenium.support.pagefactory.DefaultElementLocator.findElement(DefaultElementLocator.java:69)
	at org.openqa.selenium.support.pagefactory.internal.LocatingElementHandler.invoke(LocatingElementHandler.java:38)
	at com.sun.proxy.$Proxy11.sendKeys(Unknown Source)
	at in.redbus.Pages.BusHirePage.enterPickUpLocation(BusHirePage.java:125)
	at in.redbus.Utils.Prerequirements.preRequirementForTripSummary(Prerequirements.java:42)
	at in.redbus.Tests.TripSummaryPageTest.whenUserEntersInvalidMobileNumber(TripSummaryPageTest.java:104)
	at java.util.concurrent.ThreadPoolExecutor.runWorker(Unknown Source)
	at java.util.concurrent.ThreadPoolExecutor$Worker.run(Unknown Source)
	at java.lang.Thread.run(Unknown Source)
... Removed 10 stack frames</div></td></tr></table><p class="totop"><a href="#summary">back to summary</a></p>
<h3 id="m3">in.redbus.Tests.TripSummaryPageTest#attachScreenshot</h3><table class="result"><tr><th class="invisible"/></tr></table><p class="totop"><a href="#summary">back to summary</a></p>
<h3 id="m4">in.redbus.Tests.TripSummaryPageTest#closeBrowser</h3><table class="result"><tr><th class="invisible"/></tr></table><p class="totop"><a href="#summary">back to summary</a></p>
<h3 id="m5">in.redbus.Tests.TripSummaryPageTest#closeBrowser</h3><table class="result"><tr><th class="invisible"/></tr></table><p class="totop"><a href="#summary">back to summary</a></p>
<h3 id="m6">in.redbus.Tests.TripSummaryPageTest#initDriver</h3><table class="result"><tr><th class="invisible"/></tr></table><p class="totop"><a href="#summary">back to summary</a></p>
<h3 id="m7">in.redbus.Tests.TripSummaryPageTest#setUp</h3><table class="result"><tr><th class="invisible"/></tr></table><p class="totop"><a href="#summary">back to summary</a></p>
<h3 id="m8">in.redbus.Tests.BusHirePageTest#whenUserDoesNotEnterFromDateAndTimeForOutstation</h3><table class="result"><tr><th>Exception</th></tr><tr><td><div class="stacktrace">org.testng.SkipException: Skipping this exception
	at in.redbus.Utils.CommonUtils.toCheckExecutionRequired(CommonUtils.java:51)
	at in.redbus.Tests.BusHirePageTest.whenUserDoesNotEnterFromDateAndTimeForOutstation(BusHirePageTest.java:250)
	at java.util.concurrent.ThreadPoolExecutor.runWorker(Unknown Source)
	at java.util.concurrent.ThreadPoolExecutor$Worker.run(Unknown Source)
	at java.lang.Thread.run(Unknown Source)
... Removed 10 stack frames</div></td></tr></table><p class="totop"><a href="#summary">back to summary</a></p>
<h3 id="m9">in.redbus.Tests.BusHirePageTest#whenUserDoesNotEnterTillDateAndTimeForOutstation</h3><table class="result"><tr><th>Exception</th></tr><tr><td><div class="stacktrace">org.testng.SkipException: Skipping this exception
	at in.redbus.Utils.CommonUtils.toCheckExecutionRequired(CommonUtils.java:51)
	at in.redbus.Tests.BusHirePageTest.whenUserDoesNotEnterTillDateAndTimeForOutstation(BusHirePageTest.java:318)
	at java.util.concurrent.ThreadPoolExecutor.runWorker(Unknown Source)
	at java.util.concurrent.ThreadPoolExecutor$Worker.run(Unknown Source)
	at java.lang.Thread.run(Unknown Source)
... Removed 10 stack frames</div></td></tr></table><p class="totop"><a href="#summary">back to summary</a></p>
<h3 id="m10">in.redbus.Tests.TripSummaryPageTest#whenUserEntersValidDetail</h3><table class="result"><tr><th>Exception</th></tr><tr><td><div class="stacktrace">org.openqa.selenium.NoSuchSessionException: Session ID is null. Using WebDriver after calling quit()?
Build info: version: &apos;3.141.59&apos;, revision: &apos;e82be7d358&apos;, time: &apos;2018-11-14T08:17:03&apos;
System info: host: &apos;VAIBHAVAGARWAL&apos;, ip: &apos;192.168.29.156&apos;, os.name: &apos;Windows 10&apos;, os.arch: &apos;amd64&apos;, os.version: &apos;10.0&apos;, java.version: &apos;1.8.0_281&apos;
Driver info: driver.version: RemoteWebDriver
	at org.openqa.selenium.remote.HttpCommandExecutor.execute(HttpCommandExecutor.java:125)
	at org.openqa.selenium.remote.RemoteWebDriver.execute(RemoteWebDriver.java:552)
	at org.openqa.selenium.remote.RemoteWebDriver.execute(RemoteWebDriver.java:609)
	at org.openqa.selenium.remote.RemoteWebDriver.getScreenshotAs(RemoteWebDriver.java:295)
	at in.redbus.Utils.UseScreenshots.getScreenshot(UseScreenshots.java:22)
	at in.redbus.Tests.BaseTest.attachScreenshot(BaseTest.java:192)
	at java.util.concurrent.ThreadPoolExecutor.runWorker(Unknown Source)
	at java.util.concurrent.ThreadPoolExecutor$Worker.run(Unknown Source)
	at java.lang.Thread.run(Unknown Source)
... Removed 13 stack frames</div></td></tr></table><p class="totop"><a href="#summary">back to summary</a></p>
<h3 id="m11">in.redbus.Tests.BusHirePageTest#whenUserClickedOnAirportMenu</h3><table class="result"><tr><th class="invisible"/></tr></table><p class="totop"><a href="#summary">back to summary</a></p>
<h3 id="m12">in.redbus.Tests.BusHirePageTest#whenUserClickedOnLocalMenu</h3><table class="result"><tr><th class="invisible"/></tr></table><p class="totop"><a href="#summary">back to summary</a></p>
<h3 id="m13">in.redbus.Tests.BusHirePageTest#whenUserDoesNotEnterFromLocationForOutstation</h3><table class="result"><tr><th class="invisible"/></tr></table><p class="totop"><a href="#summary">back to summary</a></p>
<h3 id="m14">in.redbus.Tests.BusHirePageTest#whenUserDoesNotEnterToLocationForOutstation</h3><table class="result"><tr><th class="invisible"/></tr></table><p class="totop"><a href="#summary">back to summary</a></p>
<h3 id="m15">in.redbus.Tests.BusHirePageTest#whenUserEntersPassengerNumberGreaterThan60ForOutstation</h3><table class="result"><tr><th class="invisible"/></tr></table><p class="totop"><a href="#summary">back to summary</a></p>
<h3 id="m16">in.redbus.Tests.BusHirePageTest#whenUserEntersValidInformationForOutstation</h3><table class="result"><tr><th class="invisible"/></tr></table><p class="totop"><a href="#summary">back to summary</a></p>
<h3 id="m17">in.redbus.Tests.BusTicketsPageTest#whenUserClicksOnPrintTicket</h3><table class="result"><tr><th class="invisible"/></tr></table><p class="totop"><a href="#summary">back to summary</a></p>
<h3 id="m18">in.redbus.Tests.BusTicketsPageTest#whenUserEnterValidInfoInSearchBus</h3><table class="result"><tr><th class="invisible"/></tr></table><p class="totop"><a href="#summary">back to summary</a></p>
<h3 id="m19">in.redbus.Tests.HomePageTest#whenUserClickOnBusHireLink</h3><table class="result"><tr><th class="invisible"/></tr></table><p class="totop"><a href="#summary">back to summary</a></p>
<h3 id="m20">in.redbus.Tests.HomePageTest#whenUserClickOnBusTicketLink</h3><table class="result"><tr><th class="invisible"/></tr></table><p class="totop"><a href="#summary">back to summary</a></p>
<h3 id="m21">in.redbus.Tests.HomePageTest#whenUserClickOnRPoolLink</h3><table class="result"><tr><th class="invisible"/></tr></table><p class="totop"><a href="#summary">back to summary</a></p>
<h3 id="m22">in.redbus.Tests.HomePageTest#whenUserClickOnRedBusLogo</h3><table class="result"><tr><th class="invisible"/></tr></table><p class="totop"><a href="#summary">back to summary</a></p>
<h3 id="m23">in.redbus.Tests.SearchPageTest#whenUserEntersInvalidFromAndValidToAndValidDate</h3><table class="result"><tr><th class="invisible"/></tr></table><p class="totop"><a href="#summary">back to summary</a></p>
<h3 id="m24">in.redbus.Tests.SearchPageTest#whenUserEntersValidFromAndInvalidToAndValidDate</h3><table class="result"><tr><th class="invisible"/></tr></table><p class="totop"><a href="#summary">back to summary</a></p>
<h3 id="m25">in.redbus.Tests.SearchPageTest#whenUserEntersValidFromAndValidToAndValidDate</h3><table class="result"><tr><th class="invisible"/></tr></table><p class="totop"><a href="#summary">back to summary</a></p>
</body>
</html>
